<?xml version="1.0" encoding="UTF-8"?>
<testng-results ignored="0" total="2" passed="2" failed="0" skipped="0">
  <reporter-output>
  </reporter-output>
  <suite started-at="2024-09-12T15:59:18 IST" name="Suite" finished-at="2024-09-12T15:59:38 IST" duration-ms="20397">
    <groups>
    </groups>
    <test started-at="2024-09-12T15:59:18 IST" name="Test" finished-at="2024-09-12T15:59:38 IST" duration-ms="20397">
      <class name="task.MasterPage">
        <test-method is-config="true" signature="Load_URL()[pri:0, instance:task.MasterPage@3527942a]" started-at="2024-09-12T15:59:18 IST" name="Load_URL" finished-at="2024-09-12T15:59:23 IST" duration-ms="4747" status="PASS">
          <reporter-output>
          </reporter-output>
        </test-method> <!-- Load_URL -->
        <test-method signature="Check_Status()[pri:0, instance:task.MasterPage@3527942a]" started-at="2024-09-12T15:59:23 IST" name="Check_Status" finished-at="2024-09-12T15:59:27 IST" duration-ms="4101" status="PASS">
          <reporter-output>
          </reporter-output>
        </test-method> <!-- Check_Status -->
        <test-method signature="register_Page()[pri:0, instance:task.MasterPage@3527942a]" started-at="2024-09-12T15:59:27 IST" name="register_Page" finished-at="2024-09-12T15:59:38 IST" duration-ms="11493" status="PASS">
          <reporter-output>
          </reporter-output>
        </test-method> <!-- register_Page -->
      </class> <!-- task.MasterPage -->
    </test> <!-- Test -->
  </suite> <!-- Suite -->
</testng-results>
